Node.js version v25.1.0 detected.
Odd numbered Node.js versions will not enter LTS status and should not be used for production. For more information, please see https://nodejs.org/en/about/previous-releases/.

Warning: This is a simple server for use in testing or debugging Angular applications
locally. It hasn't been reviewed for security issues.

Binding this server to an open connection can result in compromising your application or
computer. Using a different host than the one passed to the "--host" flag might result in
websocket connection issues.
    
❯ Building...
✔ Building...
Browser bundles     
Initial chunk files  | Names            |  Raw size
main.js              | main             |  55.53 kB | 
styles.css           | styles           |  95 bytes | 

                     | Initial total    |  55.63 kB


Server bundles      
Initial chunk files  | Names            |  Raw size
main.server.mjs      | main.server      |  56.79 kB | 
server.mjs           | server           |   1.81 kB | 
polyfills.server.mjs | polyfills.server | 243 bytes | 

Application bundle generation complete. [7.754 seconds] - 2025-12-14T04:48:10.185Z

Watch mode enabled. Watching for file changes...
NOTE: Raw file sizes do not reflect development server per-request transformations.
  ➜  Local:   http://localhost:4200/
  ➜  Network: http://192.168.137.128:4200/
❯ Changes detected. Rebuilding...
✔ Changes detected. Rebuilding...
Browser bundles    
Initial chunk files | Names       | Raw size
main.js             | main        | 55.65 kB | 


Server bundles     
Initial chunk files | Names       | Raw size
main.server.mjs     | main.server | 56.91 kB | 

Application bundle generation complete. [12.593 seconds] - 2025-12-14T04:56:21.206Z

Page reload sent to client(s).
❯ Changes detected. Rebuilding...
✔ Changes detected. Rebuilding...
Browser bundles    
Initial chunk files | Names       | Raw size
main.js             | main        | 58.61 kB | 


Server bundles     
Initial chunk files | Names       | Raw size
main.server.mjs     | main.server | 59.87 kB | 

Application bundle generation complete. [8.563 seconds] - 2025-12-14T04:56:30.200Z

Component update sent to client(s).
❯ Changes detected. Rebuilding...
✔ Changes detected. Rebuilding...
Browser bundles    
Initial chunk files | Names       | Raw size
main.js             | main        | 60.71 kB | 


Server bundles     
Initial chunk files | Names       | Raw size
main.server.mjs     | main.server | 61.97 kB | 

Application bundle generation complete. [0.819 seconds] - 2025-12-14T04:56:40.846Z

Component update sent to client(s).
❯ Changes detected. Rebuilding...
✔ Changes detected. Rebuilding...
Browser bundles     
Initial chunk files  | Names            |  Raw size
main.js              | main             |  60.71 kB | 
styles.css           | styles           |  95 bytes | 

                     | Initial total    |  60.80 kB


Server bundles      
Initial chunk files  | Names            |  Raw size
main.server.mjs      | main.server      |  61.97 kB | 
server.mjs           | server           |   1.81 kB | 
polyfills.server.mjs | polyfills.server | 243 bytes | 

Application bundle generation complete. [9.321 seconds] - 2025-12-14T05:12:16.675Z

Component update sent to client(s).
